[debug] [2025-08-09T15:56:33.236Z] ----------------------------------------------------------------------
[debug] [2025-08-09T15:56:33.239Z] Command:       C:\Program Files\nodejs\node.exe C:\Users\danie\AppData\Roaming\npm\node_modules\firebase-tools\lib\bin\firebase.js projects:list
[debug] [2025-08-09T15:56:33.240Z] CLI Version:   13.20.2
[debug] [2025-08-09T15:56:33.240Z] Platform:      win32
[debug] [2025-08-09T15:56:33.240Z] Node Version:  v22.14.0
[debug] [2025-08-09T15:56:33.240Z] Time:          Sat Aug 09 2025 09:56:33 GMT-0600 (hora estándar central)
[debug] [2025-08-09T15:56:33.240Z] ----------------------------------------------------------------------
[debug] 
[debug] [2025-08-09T15:56:33.245Z] >>> [apiv2][query] GET https://firebase-public.firebaseio.com/cli.json [none]
[debug] [2025-08-09T15:56:33.359Z] > command requires scopes: ["email","openid","https://www.googleapis.com/auth/cloudplatformprojects.readonly","https://www.googleapis.com/auth/firebase","https://www.googleapis.com/auth/cloud-platform"]
[debug] [2025-08-09T15:56:33.360Z] > authorizing via signed-in user (danielrmzher@gmail.com)
[debug] [2025-08-09T15:56:33.363Z] Checked if tokens are valid: false, expires at: 1728326166961
[debug] [2025-08-09T15:56:33.363Z] Checked if tokens are valid: false, expires at: 1728326166961
[debug] [2025-08-09T15:56:33.364Z] > refreshing access token with scopes: []
[debug] [2025-08-09T15:56:33.364Z] >>> [apiv2][query] POST https://www.googleapis.com/oauth2/v3/token [none]
[debug] [2025-08-09T15:56:33.365Z] >>> [apiv2][body] POST https://www.googleapis.com/oauth2/v3/token [omitted]
[debug] [2025-08-09T15:56:33.909Z] <<< [apiv2][status] POST https://www.googleapis.com/oauth2/v3/token 400
[debug] [2025-08-09T15:56:33.909Z] <<< [apiv2][body] POST https://www.googleapis.com/oauth2/v3/token [omitted]
[debug] [2025-08-09T15:56:33.909Z] >>> [apiv2][query] GET https://firebase.googleapis.com/v1beta1/projects pageSize=1000
[debug] [2025-08-09T15:56:33.925Z] <<< [apiv2][status] GET https://firebase-public.firebaseio.com/cli.json 200
[debug] [2025-08-09T15:56:33.925Z] <<< [apiv2][body] GET https://firebase-public.firebaseio.com/cli.json {"cloudBuildErrorAfter":1594252800000,"cloudBuildWarnAfter":1590019200000,"defaultNode10After":1594252800000,"minVersion":"3.0.5","node8DeploysDisabledAfter":1613390400000,"node8RuntimeDisabledAfter":1615809600000,"node8WarnAfter":1600128000000}
[debug] [2025-08-09T15:56:34.278Z] <<< [apiv2][status] GET https://firebase.googleapis.com/v1beta1/projects 401
[debug] [2025-08-09T15:56:34.278Z] <<< [apiv2][body] GET https://firebase.googleapis.com/v1beta1/projects [omitted]
[debug] [2025-08-09T15:56:34.278Z] Got a 401 Unauthenticated error for a call that required authentication. Refreshing tokens.
[debug] [2025-08-09T15:56:34.278Z] Checked if tokens are valid: false, expires at: 1728326166961
[debug] [2025-08-09T15:56:34.278Z] Checked if tokens are valid: false, expires at: 1728326166961
[debug] [2025-08-09T15:56:34.278Z] > refreshing access token with scopes: []
[debug] [2025-08-09T15:56:34.279Z] >>> [apiv2][query] POST https://www.googleapis.com/oauth2/v3/token [none]
[debug] [2025-08-09T15:56:34.279Z] >>> [apiv2][body] POST https://www.googleapis.com/oauth2/v3/token [omitted]
[debug] [2025-08-09T15:56:34.341Z] <<< [apiv2][status] POST https://www.googleapis.com/oauth2/v3/token 400
[debug] [2025-08-09T15:56:34.341Z] <<< [apiv2][body] POST https://www.googleapis.com/oauth2/v3/token [omitted]
[debug] [2025-08-09T15:56:34.342Z] HTTP Error: 401, Request had invalid authentication credentials. Expected OAuth 2 access token, login cookie or other valid authentication credential. See https://developers.google.com/identity/sign-in/web/devconsole-project.
[debug] [2025-08-09T15:56:34.495Z] FirebaseError: HTTP Error: 401, Request had invalid authentication credentials. Expected OAuth 2 access token, login cookie or other valid authentication credential. See https://developers.google.com/identity/sign-in/web/devconsole-project.
    at responseToError (C:\Users\danie\AppData\Roaming\npm\node_modules\firebase-tools\lib\responseToError.js:49:12)
    at RetryOperation._fn (C:\Users\danie\AppData\Roaming\npm\node_modules\firebase-tools\lib\apiv2.js:312:77)
    at process.processTicksAndRejections (node:internal/process/task_queues:105:5)
[error] 
[error] Error: Failed to list Firebase projects. See firebase-debug.log for more info.
